0 info it worked if it ends with ok
1 verbose cli [ 'C:\\Program Files\\nodejs\\node.exe',
1 verbose cli   'C:\\Users\\food talk india\\AppData\\Roaming\\npm\\node_modules\\npm\\bin\\npm-cli.js',
1 verbose cli   'install',
1 verbose cli   'angular#1.5.9' ]
2 info using npm@4.0.5
3 info using node@v4.4.7
4 silly loadCurrentTree Starting
5 silly install loadCurrentTree
6 silly install readLocalPackageData
7 silly fetchPackageMetaData angular#1.5.9
8 silly fetchOtherPackageData angular#1.5.9
9 silly cache add args [ 'angular#1.5.9', null ]
10 verbose cache add spec angular#1.5.9
11 silly cache add parsed spec Result {
11 silly cache add   raw: 'angular#1.5.9',
11 silly cache add   scope: null,
11 silly cache add   escapedName: null,
11 silly cache add   name: null,
11 silly cache add   rawSpec: 'angular#1.5.9',
11 silly cache add   spec: 'C:\\wamp\\www\\dashboard\\angular#1.5.9',
11 silly cache add   type: 'local' }
12 error addLocal Could not install C:\wamp\www\dashboard\angular#1.5.9
13 silly fetchPackageMetaData Error: ENOENT: no such file or directory, open 'C:\wamp\www\dashboard\angular#1.5.9'
13 silly fetchPackageMetaData     at Error (native)
13 silly fetchPackageMetaData  error for angular#1.5.9 { [Error: ENOENT: no such file or directory, open 'C:\wamp\www\dashboard\angular#1.5.9']
13 silly fetchPackageMetaData   errno: -4058,
13 silly fetchPackageMetaData   code: 'ENOENT',
13 silly fetchPackageMetaData   syscall: 'open',
13 silly fetchPackageMetaData   path: 'C:\\wamp\\www\\dashboard\\angular#1.5.9' }
14 silly rollbackFailedOptional Starting
15 silly rollbackFailedOptional Finishing
16 silly runTopLevelLifecycles Finishing
17 silly install printInstalled
18 verbose stack Error: ENOENT: no such file or directory, open 'C:\wamp\www\dashboard\angular#1.5.9'
18 verbose stack     at Error (native)
19 verbose cwd C:\wamp\www\dashboard
20 error Windows_NT 10.0.14393
21 error argv "C:\\Program Files\\nodejs\\node.exe" "C:\\Users\\food talk india\\AppData\\Roaming\\npm\\node_modules\\npm\\bin\\npm-cli.js" "install" "angular#1.5.9"
22 error node v4.4.7
23 error npm  v4.0.5
24 error path C:\wamp\www\dashboard\angular#1.5.9
25 error code ENOENT
26 error errno -4058
27 error syscall open
28 error enoent ENOENT: no such file or directory, open 'C:\wamp\www\dashboard\angular#1.5.9'
29 error enoent ENOENT: no such file or directory, open 'C:\wamp\www\dashboard\angular#1.5.9'
29 error enoent This is most likely not a problem with npm itself
29 error enoent and is related to npm not being able to find a file.
30 verbose exit [ -4058, true ]
